{"/Users/razu/Downloads/my-redwood-project/api/src/directives/requireAuth/requireAuth.ts": {"path":"/Users/razu/Downloads/my-redwood-project/api/src/directives/requireAuth/requireAuth.ts","statementMap":{"0":{"start":{"line":18,"column":38},"end":{"line":21,"column":1}},"1":{"start":{"line":19,"column":20},"end":{"line":19,"column":33}},"2":{"start":{"line":20,"column":2},"end":{"line":20,"column":35}},"3":{"start":{"line":23,"column":20},"end":{"line":23,"column":62}}},"fnMap":{"0":{"name":"(anonymous_0)","decl":{"start":{"line":18,"column":38},"end":{"line":18,"column":39}},"loc":{"start":{"line":18,"column":61},"end":{"line":21,"column":1}},"line":18}},"branchMap":{},"s":{"0":1,"1":1,"2":1,"3":1},"f":{"0":1},"b":{},"_coverageSchema":"1a1c01bbd47fc00a2c39e90264f33305004495a9","hash":"a65bf72d29cecb37f6c89136196411f5eb625f75"}
,"/Users/razu/Downloads/my-redwood-project/api/src/directives/skipAuth/skipAuth.ts": {"path":"/Users/razu/Downloads/my-redwood-project/api/src/directives/skipAuth/skipAuth.ts","statementMap":{"0":{"start":{"line":12,"column":17},"end":{"line":14,"column":2}},"1":{"start":{"line":13,"column":2},"end":{"line":13,"column":8}}},"fnMap":{"0":{"name":"(anonymous_0)","decl":{"start":{"line":12,"column":50},"end":{"line":12,"column":51}},"loc":{"start":{"line":12,"column":56},"end":{"line":14,"column":1}},"line":12}},"branchMap":{},"s":{"0":1,"1":0},"f":{"0":0},"b":{},"_coverageSchema":"1a1c01bbd47fc00a2c39e90264f33305004495a9","hash":"2b014a309eb0fae0128c9bdc88706fd1f377fb38"}
,"/Users/razu/Downloads/my-redwood-project/api/src/lib/auth.ts": {"path":"/Users/razu/Downloads/my-redwood-project/api/src/lib/auth.ts","statementMap":{"0":{"start":{"line":10,"column":31},"end":{"line":12,"column":1}},"1":{"start":{"line":11,"column":2},"end":{"line":11,"column":13}},"2":{"start":{"line":14,"column":23},"end":{"line":16,"column":1}},"3":{"start":{"line":15,"column":2},"end":{"line":15,"column":28}},"4":{"start":{"line":23,"column":27},"end":{"line":25,"column":1}},"5":{"start":{"line":24,"column":2},"end":{"line":24,"column":26}}},"fnMap":{"0":{"name":"(anonymous_0)","decl":{"start":{"line":10,"column":31},"end":{"line":10,"column":32}},"loc":{"start":{"line":10,"column":37},"end":{"line":12,"column":1}},"line":10},"1":{"name":"(anonymous_1)","decl":{"start":{"line":14,"column":23},"end":{"line":14,"column":24}},"loc":{"start":{"line":14,"column":38},"end":{"line":16,"column":1}},"line":14},"2":{"name":"(anonymous_2)","decl":{"start":{"line":23,"column":27},"end":{"line":23,"column":28}},"loc":{"start":{"line":23,"column":42},"end":{"line":25,"column":1}},"line":23}},"branchMap":{},"s":{"0":1,"1":1,"2":1,"3":0,"4":1,"5":1},"f":{"0":1,"1":0,"2":1},"b":{},"_coverageSchema":"1a1c01bbd47fc00a2c39e90264f33305004495a9","hash":"a2a62fd5106b0224e87efa79b6680a2a01404f62"}
,"/Users/razu/Downloads/my-redwood-project/api/src/lib/db.ts": {"path":"/Users/razu/Downloads/my-redwood-project/api/src/lib/db.ts","statementMap":{"0":{"start":{"line":13,"column":18},"end":{"line":15,"column":2}},"1":{"start":{"line":17,"column":0},"end":{"line":21,"column":2}}},"fnMap":{},"branchMap":{},"s":{"0":1,"1":1},"f":{},"b":{},"_coverageSchema":"1a1c01bbd47fc00a2c39e90264f33305004495a9","hash":"d65d0537c4f8fe1d05a0999518411815dcaaabc7"}
,"/Users/razu/Downloads/my-redwood-project/api/src/lib/logger.ts": {"path":"/Users/razu/Downloads/my-redwood-project/api/src/lib/logger.ts","statementMap":{"0":{"start":{"line":17,"column":22},"end":{"line":17,"column":38}}},"fnMap":{},"branchMap":{},"s":{"0":1},"f":{},"b":{},"_coverageSchema":"1a1c01bbd47fc00a2c39e90264f33305004495a9","hash":"a33c83ba161849eac05cc8f5117123dd6f608072"}
,"/Users/razu/Downloads/my-redwood-project/api/src/services/posts/posts.scenarios.ts": {"path":"/Users/razu/Downloads/my-redwood-project/api/src/services/posts/posts.scenarios.ts","statementMap":{"0":{"start":{"line":4,"column":24},"end":{"line":23,"column":2}}},"fnMap":{},"branchMap":{},"s":{"0":1},"f":{},"b":{},"_coverageSchema":"1a1c01bbd47fc00a2c39e90264f33305004495a9","hash":"b899e785ed08356df8fbbbb12a4a0afd0878c045"}
,"/Users/razu/Downloads/my-redwood-project/api/src/services/posts/posts.ts": {"path":"/Users/razu/Downloads/my-redwood-project/api/src/services/posts/posts.ts","statementMap":{"0":{"start":{"line":5,"column":46},"end":{"line":7,"column":1}},"1":{"start":{"line":6,"column":2},"end":{"line":6,"column":27}},"2":{"start":{"line":9,"column":44},"end":{"line":13,"column":1}},"3":{"start":{"line":10,"column":2},"end":{"line":12,"column":4}},"4":{"start":{"line":15,"column":59},"end":{"line":19,"column":1}},"5":{"start":{"line":16,"column":2},"end":{"line":18,"column":4}},"6":{"start":{"line":21,"column":59},"end":{"line":26,"column":1}},"7":{"start":{"line":22,"column":2},"end":{"line":25,"column":4}},"8":{"start":{"line":28,"column":59},"end":{"line":32,"column":1}},"9":{"start":{"line":29,"column":2},"end":{"line":31,"column":4}}},"fnMap":{"0":{"name":"(anonymous_0)","decl":{"start":{"line":5,"column":46},"end":{"line":5,"column":47}},"loc":{"start":{"line":5,"column":52},"end":{"line":7,"column":1}},"line":5},"1":{"name":"(anonymous_1)","decl":{"start":{"line":9,"column":44},"end":{"line":9,"column":45}},"loc":{"start":{"line":9,"column":56},"end":{"line":13,"column":1}},"line":9},"2":{"name":"(anonymous_2)","decl":{"start":{"line":15,"column":59},"end":{"line":15,"column":60}},"loc":{"start":{"line":15,"column":74},"end":{"line":19,"column":1}},"line":15},"3":{"name":"(anonymous_3)","decl":{"start":{"line":21,"column":59},"end":{"line":21,"column":60}},"loc":{"start":{"line":21,"column":78},"end":{"line":26,"column":1}},"line":21},"4":{"name":"(anonymous_4)","decl":{"start":{"line":28,"column":59},"end":{"line":28,"column":60}},"loc":{"start":{"line":28,"column":71},"end":{"line":32,"column":1}},"line":28}},"branchMap":{},"s":{"0":1,"1":1,"2":1,"3":3,"4":1,"5":1,"6":1,"7":1,"8":1,"9":1},"f":{"0":1,"1":3,"2":1,"3":1,"4":1},"b":{},"_coverageSchema":"1a1c01bbd47fc00a2c39e90264f33305004495a9","hash":"a1589776c47fc2f8846d97e87fefe3dee364e43c"}
,"/Users/razu/Downloads/my-redwood-project/web/src/Routes.tsx": {"path":"/Users/razu/Downloads/my-redwood-project/web/src/Routes.tsx","statementMap":{"0":{"start":{"line":15,"column":15},"end":{"line":30,"column":1}},"1":{"start":{"line":16,"column":2},"end":{"line":29,"column":3}}},"fnMap":{"0":{"name":"(anonymous_0)","decl":{"start":{"line":15,"column":15},"end":{"line":15,"column":16}},"loc":{"start":{"line":15,"column":21},"end":{"line":30,"column":1}},"line":15}},"branchMap":{},"s":{"0":3,"1":7},"f":{"0":7},"b":{},"_coverageSchema":"1a1c01bbd47fc00a2c39e90264f33305004495a9","hash":"6d1c1755d647a4d9462d77f43fa817daeff6a30e"}
,"/Users/razu/Downloads/my-redwood-project/web/src/components/Navbar.tsx": {"path":"/Users/razu/Downloads/my-redwood-project/web/src/components/Navbar.tsx","statementMap":{"0":{"start":{"line":4,"column":15},"end":{"line":13,"column":1}},"1":{"start":{"line":15,"column":15},"end":{"line":34,"column":1}},"2":{"start":{"line":16,"column":2},"end":{"line":33,"column":3}},"3":{"start":{"line":24,"column":12},"end":{"line":28,"column":17}}},"fnMap":{"0":{"name":"(anonymous_0)","decl":{"start":{"line":15,"column":15},"end":{"line":15,"column":16}},"loc":{"start":{"line":15,"column":21},"end":{"line":34,"column":1}},"line":15},"1":{"name":"(anonymous_1)","decl":{"start":{"line":23,"column":22},"end":{"line":23,"column":23}},"loc":{"start":{"line":24,"column":12},"end":{"line":28,"column":17}},"line":24}},"branchMap":{},"s":{"0":3,"1":3,"2":1,"3":2},"f":{"0":1,"1":2},"b":{},"_coverageSchema":"1a1c01bbd47fc00a2c39e90264f33305004495a9","hash":"5a4a110e8bc084bc7b74fd74e3bcbd775bb390d1"}
,"/Users/razu/Downloads/my-redwood-project/web/src/layouts/AppLayout/AppLayout.tsx": {"path":"/Users/razu/Downloads/my-redwood-project/web/src/layouts/AppLayout/AppLayout.tsx","statementMap":{"0":{"start":{"line":7,"column":18},"end":{"line":14,"column":1}},"1":{"start":{"line":8,"column":2},"end":{"line":13,"column":3}}},"fnMap":{"0":{"name":"(anonymous_0)","decl":{"start":{"line":7,"column":18},"end":{"line":7,"column":19}},"loc":{"start":{"line":7,"column":52},"end":{"line":14,"column":1}},"line":7}},"branchMap":{},"s":{"0":3,"1":1},"f":{"0":1},"b":{},"_coverageSchema":"1a1c01bbd47fc00a2c39e90264f33305004495a9","hash":"070073bd5c8b2715b608a7ce8d094b4d799ac273"}
,"/Users/razu/Downloads/my-redwood-project/web/src/layouts/ScaffoldLayout/ScaffoldLayout.tsx": {"path":"/Users/razu/Downloads/my-redwood-project/web/src/layouts/ScaffoldLayout/ScaffoldLayout.tsx","statementMap":{"0":{"start":{"line":12,"column":23},"end":{"line":46,"column":1}},"1":{"start":{"line":19,"column":2},"end":{"line":45,"column":3}}},"fnMap":{"0":{"name":"(anonymous_0)","decl":{"start":{"line":12,"column":23},"end":{"line":12,"column":24}},"loc":{"start":{"line":18,"column":19},"end":{"line":46,"column":1}},"line":18}},"branchMap":{},"s":{"0":3,"1":0},"f":{"0":0},"b":{},"_coverageSchema":"1a1c01bbd47fc00a2c39e90264f33305004495a9","hash":"63da55188c16ddafb2107a4b01aa1f3e0a21bdc8"}
,"/Users/razu/Downloads/my-redwood-project/web/src/lib/formatters.tsx": {"path":"/Users/razu/Downloads/my-redwood-project/web/src/lib/formatters.tsx","statementMap":{"0":{"start":{"line":5,"column":26},"end":{"line":5,"column":29}},"1":{"start":{"line":7,"column":26},"end":{"line":18,"column":1}},"2":{"start":{"line":8,"column":15},"end":{"line":8,"column":17}},"3":{"start":{"line":10,"column":2},"end":{"line":15,"column":3}},"4":{"start":{"line":11,"column":28},"end":{"line":11,"column":66}},"5":{"start":{"line":11,"column":50},"end":{"line":11,"column":65}},"6":{"start":{"line":12,"column":4},"end":{"line":12,"column":39}},"7":{"start":{"line":13,"column":9},"end":{"line":15,"column":3}},"8":{"start":{"line":14,"column":4},"end":{"line":14,"column":29}},"9":{"start":{"line":17,"column":2},"end":{"line":17,"column":15}},"10":{"start":{"line":20,"column":27},"end":{"line":26,"column":1}},"11":{"start":{"line":21,"column":2},"end":{"line":25,"column":3}},"12":{"start":{"line":28,"column":24},"end":{"line":36,"column":1}},"13":{"start":{"line":29,"column":15},"end":{"line":29,"column":38}},"14":{"start":{"line":31,"column":2},"end":{"line":33,"column":3}},"15":{"start":{"line":32,"column":4},"end":{"line":32,"column":59}},"16":{"start":{"line":35,"column":2},"end":{"line":35,"column":15}},"17":{"start":{"line":38,"column":28},"end":{"line":40,"column":1}},"18":{"start":{"line":39,"column":2},"end":{"line":39,"column":47}},"19":{"start":{"line":42,"column":23},"end":{"line":54,"column":1}},"20":{"start":{"line":43,"column":37},"end":{"line":43,"column":39}},"21":{"start":{"line":45,"column":2},"end":{"line":51,"column":3}},"22":{"start":{"line":46,"column":4},"end":{"line":50,"column":5}},"23":{"start":{"line":53,"column":2},"end":{"line":53,"column":15}},"24":{"start":{"line":56,"column":32},"end":{"line":58,"column":1}},"25":{"start":{"line":57,"column":2},"end":{"line":57,"column":61}}},"fnMap":{"0":{"name":"(anonymous_0)","decl":{"start":{"line":7,"column":26},"end":{"line":7,"column":27}},"loc":{"start":{"line":7,"column":76},"end":{"line":18,"column":1}},"line":7},"1":{"name":"(anonymous_1)","decl":{"start":{"line":11,"column":39},"end":{"line":11,"column":40}},"loc":{"start":{"line":11,"column":50},"end":{"line":11,"column":65}},"line":11},"2":{"name":"(anonymous_2)","decl":{"start":{"line":20,"column":27},"end":{"line":20,"column":28}},"loc":{"start":{"line":20,"column":45},"end":{"line":26,"column":1}},"line":20},"3":{"name":"(anonymous_3)","decl":{"start":{"line":28,"column":24},"end":{"line":28,"column":25}},"loc":{"start":{"line":28,"column":52},"end":{"line":36,"column":1}},"line":28},"4":{"name":"(anonymous_4)","decl":{"start":{"line":38,"column":28},"end":{"line":38,"column":29}},"loc":{"start":{"line":38,"column":46},"end":{"line":40,"column":1}},"line":38},"5":{"name":"(anonymous_5)","decl":{"start":{"line":42,"column":23},"end":{"line":42,"column":24}},"loc":{"start":{"line":42,"column":46},"end":{"line":54,"column":1}},"line":42},"6":{"name":"(anonymous_6)","decl":{"start":{"line":56,"column":32},"end":{"line":56,"column":33}},"loc":{"start":{"line":56,"column":54},"end":{"line":58,"column":1}},"line":56}},"branchMap":{"0":{"loc":{"start":{"line":10,"column":2},"end":{"line":15,"column":3}},"type":"if","locations":[{"start":{"line":10,"column":2},"end":{"line":15,"column":3}},{"start":{"line":13,"column":9},"end":{"line":15,"column":3}}],"line":10},"1":{"loc":{"start":{"line":13,"column":9},"end":{"line":15,"column":3}},"type":"if","locations":[{"start":{"line":13,"column":9},"end":{"line":15,"column":3}},{"start":{},"end":{}}],"line":13},"2":{"loc":{"start":{"line":29,"column":15},"end":{"line":29,"column":38}},"type":"binary-expr","locations":[{"start":{"line":29,"column":15},"end":{"line":29,"column":32}},{"start":{"line":29,"column":36},"end":{"line":29,"column":38}}],"line":29},"3":{"loc":{"start":{"line":31,"column":2},"end":{"line":33,"column":3}},"type":"if","locations":[{"start":{"line":31,"column":2},"end":{"line":33,"column":3}},{"start":{},"end":{}}],"line":31},"4":{"loc":{"start":{"line":45,"column":2},"end":{"line":51,"column":3}},"type":"if","locations":[{"start":{"line":45,"column":2},"end":{"line":51,"column":3}},{"start":{},"end":{}}],"line":45}},"s":{"0":1,"1":1,"2":6,"3":6,"4":1,"5":6,"6":1,"7":5,"8":2,"9":6,"10":1,"11":1,"12":1,"13":11,"14":11,"15":4,"16":11,"17":1,"18":1,"19":1,"20":2,"21":2,"22":1,"23":2,"24":1,"25":4},"f":{"0":6,"1":6,"2":1,"3":11,"4":1,"5":2,"6":4},"b":{"0":[1,5],"1":[2,3],"2":[11,2],"3":[4,7],"4":[1,1]},"_coverageSchema":"1a1c01bbd47fc00a2c39e90264f33305004495a9","hash":"9c02b059a4015626097ef54e09011cbf6dd6861e"}
,"/Users/razu/Downloads/my-redwood-project/web/src/pages/HomePage/HomePage.tsx": {"path":"/Users/razu/Downloads/my-redwood-project/web/src/pages/HomePage/HomePage.tsx","statementMap":{"0":{"start":{"line":3,"column":17},"end":{"line":10,"column":1}},"1":{"start":{"line":4,"column":2},"end":{"line":9,"column":3}}},"fnMap":{"0":{"name":"(anonymous_0)","decl":{"start":{"line":3,"column":17},"end":{"line":3,"column":18}},"loc":{"start":{"line":3,"column":23},"end":{"line":10,"column":1}},"line":3}},"branchMap":{},"s":{"0":1,"1":1},"f":{"0":1},"b":{},"_coverageSchema":"1a1c01bbd47fc00a2c39e90264f33305004495a9","hash":"a46c7eedba9a1107ef4758f3e247a840095a3800"}
}
