TN:
SF:api/src/directives/requireAuth/requireAuth.ts
FN:18,(anonymous_0)
FNF:1
FNH:1
FNDA:1,(anonymous_0)
DA:18,1
DA:19,1
DA:20,1
DA:23,1
LF:4
LH:4
BRF:0
BRH:0
end_of_record
TN:
SF:api/src/directives/skipAuth/skipAuth.ts
FN:12,(anonymous_0)
FNF:1
FNH:0
FNDA:0,(anonymous_0)
DA:12,1
DA:13,0
LF:2
LH:1
BRF:0
BRH:0
end_of_record
TN:
SF:api/src/lib/auth.ts
FN:10,(anonymous_0)
FN:14,(anonymous_1)
FN:23,(anonymous_2)
FNF:3
FNH:2
FNDA:1,(anonymous_0)
FNDA:0,(anonymous_1)
FNDA:1,(anonymous_2)
DA:10,1
DA:11,1
DA:14,1
DA:15,0
DA:23,1
DA:24,1
LF:6
LH:5
BRF:0
BRH:0
end_of_record
TN:
SF:api/src/lib/db.ts
FNF:0
FNH:0
DA:13,1
DA:17,1
LF:2
LH:2
BRF:0
BRH:0
end_of_record
TN:
SF:api/src/lib/logger.ts
FNF:0
FNH:0
DA:17,1
LF:1
LH:1
BRF:0
BRH:0
end_of_record
TN:
SF:api/src/services/posts/posts.scenarios.ts
FNF:0
FNH:0
DA:4,1
LF:1
LH:1
BRF:0
BRH:0
end_of_record
TN:
SF:api/src/services/posts/posts.ts
FN:5,(anonymous_0)
FN:9,(anonymous_1)
FN:15,(anonymous_2)
FN:21,(anonymous_3)
FN:28,(anonymous_4)
FNF:5
FNH:5
FNDA:1,(anonymous_0)
FNDA:3,(anonymous_1)
FNDA:1,(anonymous_2)
FNDA:1,(anonymous_3)
FNDA:1,(anonymous_4)
DA:5,1
DA:6,1
DA:9,1
DA:10,3
DA:15,1
DA:16,1
DA:21,1
DA:22,1
DA:28,1
DA:29,1
LF:10
LH:10
BRF:0
BRH:0
end_of_record
TN:
SF:web/src/Routes.tsx
FN:15,(anonymous_0)
FNF:1
FNH:1
FNDA:7,(anonymous_0)
DA:15,3
DA:16,7
LF:2
LH:2
BRF:0
BRH:0
end_of_record
TN:
SF:web/src/components/Navbar.tsx
FN:15,(anonymous_0)
FN:23,(anonymous_1)
FNF:2
FNH:2
FNDA:1,(anonymous_0)
FNDA:2,(anonymous_1)
DA:4,3
DA:15,3
DA:16,1
DA:24,2
LF:4
LH:4
BRF:0
BRH:0
end_of_record
TN:
SF:web/src/layouts/AppLayout/AppLayout.tsx
FN:7,(anonymous_0)
FNF:1
FNH:1
FNDA:1,(anonymous_0)
DA:7,3
DA:8,1
LF:2
LH:2
BRF:0
BRH:0
end_of_record
TN:
SF:web/src/layouts/ScaffoldLayout/ScaffoldLayout.tsx
FN:12,(anonymous_0)
FNF:1
FNH:0
FNDA:0,(anonymous_0)
DA:12,3
DA:19,0
LF:2
LH:1
BRF:0
BRH:0
end_of_record
TN:
SF:web/src/lib/formatters.tsx
FN:7,(anonymous_0)
FN:11,(anonymous_1)
FN:20,(anonymous_2)
FN:28,(anonymous_3)
FN:38,(anonymous_4)
FN:42,(anonymous_5)
FN:56,(anonymous_6)
FNF:7
FNH:7
FNDA:6,(anonymous_0)
FNDA:6,(anonymous_1)
FNDA:1,(anonymous_2)
FNDA:11,(anonymous_3)
FNDA:1,(anonymous_4)
FNDA:2,(anonymous_5)
FNDA:4,(anonymous_6)
DA:5,1
DA:7,1
DA:8,6
DA:10,6
DA:11,6
DA:12,1
DA:13,5
DA:14,2
DA:17,6
DA:20,1
DA:21,1
DA:28,1
DA:29,11
DA:31,11
DA:32,4
DA:35,11
DA:38,1
DA:39,1
DA:42,1
DA:43,2
DA:45,2
DA:46,1
DA:53,2
DA:56,1
DA:57,4
LF:25
LH:25
BRDA:10,0,0,1
BRDA:10,0,1,5
BRDA:13,1,0,2
BRDA:13,1,1,3
BRDA:29,2,0,11
BRDA:29,2,1,2
BRDA:31,3,0,4
BRDA:31,3,1,7
BRDA:45,4,0,1
BRDA:45,4,1,1
BRF:10
BRH:10
end_of_record
TN:
SF:web/src/pages/HomePage/HomePage.tsx
FN:3,(anonymous_0)
FNF:1
FNH:1
FNDA:1,(anonymous_0)
DA:3,1
DA:4,1
LF:2
LH:2
BRF:0
BRH:0
end_of_record
